[debug] [2024-05-05T16:34:11.191Z] ----------------------------------------------------------------------
[debug] [2024-05-05T16:34:11.197Z] Command:       C:\Program Files\nodejs\node.exe C:\Users\sreen\AppData\Roaming\npm\node_modules\firebase-tools\lib\bin\firebase.js init
[debug] [2024-05-05T16:34:11.198Z] CLI Version:   13.8.0
[debug] [2024-05-05T16:34:11.198Z] Platform:      win32
[debug] [2024-05-05T16:34:11.198Z] Node Version:  v22.1.0
[debug] [2024-05-05T16:34:11.198Z] Time:          Sun May 05 2024 22:04:11 GMT+0530 (India Standard Time)
[debug] [2024-05-05T16:34:11.199Z] ----------------------------------------------------------------------
[debug] 
[debug] [2024-05-05T16:34:11.319Z] > command requires scopes: ["email","openid","https://www.googleapis.com/auth/cloudplatformprojects.readonly","https://www.googleapis.com/auth/firebase","https://www.googleapis.com/auth/cloud-platform"]
[debug] [2024-05-05T16:34:11.319Z] > authorizing via signed-in user (sreenugod2001@gmail.com)
[info] 
     ######## #### ########  ######## ########     ###     ######  ########
     ##        ##  ##     ## ##       ##     ##  ##   ##  ##       ##
     ######    ##  ########  ######   ########  #########  ######  ######
     ##        ##  ##    ##  ##       ##     ## ##     ##       ## ##
     ##       #### ##     ## ######## ########  ##     ##  ######  ########

You're about to initialize a Firebase project in this directory:

  C:\Users\sreen\OneDrive\Desktop\NewUserInterface\newuserinterface

Before we get started, keep in mind:

  * You are initializing within an existing Firebase project directory

[info] 
=== Project Setup
[info] 
[info] First, let's associate this project directory with a Firebase project.
[info] You can create multiple project aliases by running firebase use --add, 
[info] but for now we'll just set up a default project.
[info] 
[debug] [2024-05-05T16:35:38.779Z] Using project from CLI flag: formvalidation-62760
[debug] [2024-05-05T16:35:38.780Z] > refreshing access token with scopes: []
[debug] [2024-05-05T16:35:38.782Z] >>> [apiv2][query] POST https://www.googleapis.com/oauth2/v3/token [none]
[debug] [2024-05-05T16:35:38.782Z] >>> [apiv2][body] POST https://www.googleapis.com/oauth2/v3/token [omitted]
[debug] [2024-05-05T16:35:39.135Z] <<< [apiv2][status] POST https://www.googleapis.com/oauth2/v3/token 200
[debug] [2024-05-05T16:35:39.135Z] <<< [apiv2][body] POST https://www.googleapis.com/oauth2/v3/token [omitted]
[debug] [2024-05-05T16:35:39.160Z] >>> [apiv2][query] GET https://firebase.googleapis.com/v1beta1/projects/formvalidation-62760 [none]
[debug] [2024-05-05T16:35:39.837Z] <<< [apiv2][status] GET https://firebase.googleapis.com/v1beta1/projects/formvalidation-62760 200
[debug] [2024-05-05T16:35:39.837Z] <<< [apiv2][body] GET https://firebase.googleapis.com/v1beta1/projects/formvalidation-62760 {"projectId":"formvalidation-62760","projectNumber":"755959900611","displayName":"FORMVALIDATION","name":"projects/formvalidation-62760","resources":{"hostingSite":"formvalidation-62760"},"state":"ACTIVE","etag":"1_7d37271c-632b-4547-b4ed-7c1229f4fbfc"}
[info] i  Using project formvalidation-62760 (FORMVALIDATION) 
[info] 
=== Hosting Setup
[debug] [2024-05-05T16:35:39.852Z] >>> [apiv2][query] GET https://firebase.googleapis.com/v1beta1/projects/formvalidation-62760 [none]
[debug] [2024-05-05T16:35:40.348Z] <<< [apiv2][status] GET https://firebase.googleapis.com/v1beta1/projects/formvalidation-62760 200
[debug] [2024-05-05T16:35:40.348Z] <<< [apiv2][body] GET https://firebase.googleapis.com/v1beta1/projects/formvalidation-62760 {"projectId":"formvalidation-62760","projectNumber":"755959900611","displayName":"FORMVALIDATION","name":"projects/formvalidation-62760","resources":{"hostingSite":"formvalidation-62760"},"state":"ACTIVE","etag":"1_7d37271c-632b-4547-b4ed-7c1229f4fbfc"}
[info] 
[info] Your public directory is the folder (relative to your project directory) that
[info] will contain Hosting assets to be uploaded with firebase deploy. If you
[info] have a build process for your assets, use your build's output directory.
[info] 
